TN:
SF:src/const.ts
FNF:0
FNH:0
DA:1,0
DA:2,0
DA:3,0
LF:3
LH:0
BRF:0
BRH:0
end_of_record
TN:
SF:src/game/clock.ts
FN:14,(anonymous_0)
FN:22,(anonymous_1)
FN:23,(anonymous_2)
FNF:3
FNH:0
FNDA:0,(anonymous_0)
FNDA:0,(anonymous_1)
FNDA:0,(anonymous_2)
DA:9,0
DA:10,0
DA:11,0
DA:15,0
DA:23,0
DA:24,0
DA:25,0
DA:26,0
DA:27,0
DA:28,0
DA:30,0
DA:31,0
DA:32,0
DA:34,0
DA:35,0
DA:37,0
LF:16
LH:0
BRDA:14,0,0,0
BRDA:26,1,0,0
BRF:2
BRH:0
end_of_record
TN:
SF:src/game/controllers/CarController.ts
FN:36,(anonymous_0)
FN:43,(anonymous_1)
FN:51,(anonymous_2)
FN:66,(anonymous_3)
FN:102,(anonymous_4)
FN:133,(anonymous_5)
FN:150,(anonymous_6)
FN:160,(anonymous_7)
FN:172,(anonymous_8)
FN:194,(anonymous_9)
FNF:10
FNH:0
FNDA:0,(anonymous_0)
FNDA:0,(anonymous_1)
FNDA:0,(anonymous_2)
FNDA:0,(anonymous_3)
FNDA:0,(anonymous_4)
FNDA:0,(anonymous_5)
FNDA:0,(anonymous_6)
FNDA:0,(anonymous_7)
FNDA:0,(anonymous_8)
FNDA:0,(anonymous_9)
DA:19,0
DA:21,0
DA:23,0
DA:24,0
DA:25,0
DA:26,0
DA:27,0
DA:28,0
DA:29,0
DA:30,0
DA:31,0
DA:32,0
DA:33,0
DA:34,0
DA:37,0
DA:44,0
DA:45,0
DA:46,0
DA:52,0
DA:53,0
DA:55,0
DA:56,0
DA:67,0
DA:68,0
DA:70,0
DA:72,0
DA:74,0
DA:76,0
DA:78,0
DA:80,0
DA:82,0
DA:84,0
DA:85,0
DA:87,0
DA:88,0
DA:91,0
DA:103,0
DA:105,0
DA:107,0
DA:109,0
DA:111,0
DA:113,0
DA:115,0
DA:117,0
DA:119,0
DA:121,0
DA:123,0
DA:134,0
DA:135,0
DA:136,0
DA:137,0
DA:141,0
DA:151,0
DA:161,0
DA:162,0
DA:163,0
DA:173,0
DA:195,0
LF:58
LH:0
BRDA:70,0,0,0
BRDA:70,0,1,0
BRDA:84,1,0,0
BRDA:84,1,1,0
BRDA:84,2,0,0
BRDA:84,2,1,0
BRDA:85,3,0,0
BRDA:151,4,0,0
BRDA:151,4,1,0
BRDA:151,5,0,0
BRDA:151,5,1,0
BRDA:162,6,0,0
BRDA:162,7,0,0
BRDA:162,7,1,0
BRF:14
BRH:0
end_of_record
TN:
SF:src/game/controllers/RaceController.ts
FN:29,(anonymous_0)
FN:46,(anonymous_1)
FN:64,(anonymous_2)
FN:75,(anonymous_3)
FN:85,(anonymous_4)
FN:95,(anonymous_5)
FN:104,(anonymous_6)
FN:114,(anonymous_7)
FN:124,(anonymous_8)
FN:134,(anonymous_9)
FN:148,(anonymous_10)
FN:157,(anonymous_11)
FN:166,(anonymous_12)
FNF:13
FNH:0
FNDA:0,(anonymous_0)
FNDA:0,(anonymous_1)
FNDA:0,(anonymous_2)
FNDA:0,(anonymous_3)
FNDA:0,(anonymous_4)
FNDA:0,(anonymous_5)
FNDA:0,(anonymous_6)
FNDA:0,(anonymous_7)
FNDA:0,(anonymous_8)
FNDA:0,(anonymous_9)
FNDA:0,(anonymous_10)
FNDA:0,(anonymous_11)
FNDA:0,(anonymous_12)
DA:1,0
DA:2,0
DA:3,0
DA:4,0
DA:5,0
DA:20,0
DA:30,0
DA:31,0
DA:32,0
DA:33,0
DA:34,0
DA:35,0
DA:36,0
DA:37,0
DA:48,0
DA:49,0
DA:52,0
DA:53,0
DA:54,0
DA:56,0
DA:65,0
DA:66,0
DA:67,0
DA:76,0
DA:86,0
DA:96,0
DA:105,0
DA:115,0
DA:116,0
DA:125,0
DA:135,0
DA:136,0
DA:137,0
DA:139,0
DA:149,0
DA:158,0
DA:167,0
LF:37
LH:0
BRDA:124,0,0,0
BRDA:134,1,0,0
BRDA:136,2,0,0
BRDA:148,3,0,0
BRDA:157,4,0,0
BRF:5
BRH:0
end_of_record
TN:
SF:src/game/listeners/KeyboardListener.ts
FN:8,(anonymous_0)
FN:2,(anonymous_1)
FN:9,(anonymous_2)
FN:10,(anonymous_3)
FN:20,(anonymous_4)
FN:14,(anonymous_5)
FN:21,(anonymous_6)
FN:22,(anonymous_7)
FN:31,(anonymous_8)
FN:26,(anonymous_9)
FN:32,(anonymous_10)
FN:33,(anonymous_11)
FN:43,(anonymous_12)
FN:37,(anonymous_13)
FN:44,(anonymous_14)
FN:45,(anonymous_15)
FN:55,(anonymous_16)
FN:49,(anonymous_17)
FN:56,(anonymous_18)
FN:57,(anonymous_19)
FNF:20
FNH:0
FNDA:0,(anonymous_0)
FNDA:0,(anonymous_1)
FNDA:0,(anonymous_2)
FNDA:0,(anonymous_3)
FNDA:0,(anonymous_4)
FNDA:0,(anonymous_5)
FNDA:0,(anonymous_6)
FNDA:0,(anonymous_7)
FNDA:0,(anonymous_8)
FNDA:0,(anonymous_9)
FNDA:0,(anonymous_10)
FNDA:0,(anonymous_11)
FNDA:0,(anonymous_12)
FNDA:0,(anonymous_13)
FNDA:0,(anonymous_14)
FNDA:0,(anonymous_15)
FNDA:0,(anonymous_16)
FNDA:0,(anonymous_17)
FNDA:0,(anonymous_18)
FNDA:0,(anonymous_19)
DA:1,0
DA:2,0
DA:3,0
DA:4,0
DA:5,0
DA:8,0
DA:9,0
DA:10,0
DA:13,0
DA:14,0
DA:15,0
DA:16,0
DA:17,0
DA:20,0
DA:21,0
DA:22,0
DA:25,0
DA:26,0
DA:27,0
DA:28,0
DA:31,0
DA:32,0
DA:33,0
DA:36,0
DA:37,0
DA:38,0
DA:39,0
DA:40,0
DA:43,0
DA:44,0
DA:45,0
DA:48,0
DA:49,0
DA:50,0
DA:51,0
DA:52,0
DA:55,0
DA:56,0
DA:57,0
LF:39
LH:0
BRDA:3,0,0,0
BRDA:15,1,0,0
BRDA:15,2,0,0
BRDA:15,2,1,0
BRDA:27,3,0,0
BRDA:27,4,0,0
BRDA:27,4,1,0
BRDA:27,4,2,0
BRDA:38,5,0,0
BRDA:38,6,0,0
BRDA:38,6,1,0
BRDA:50,7,0,0
BRF:12
BRH:0
end_of_record
TN:
SF:src/game/listeners/ResizeListener.ts
FN:3,(anonymous_0)
FN:5,(anonymous_1)
FN:6,(anonymous_2)
FN:12,(anonymous_3)
FNF:4
FNH:0
FNDA:0,(anonymous_0)
FNDA:0,(anonymous_1)
FNDA:0,(anonymous_2)
FNDA:0,(anonymous_3)
DA:1,0
DA:3,0
DA:6,0
DA:7,0
DA:8,0
DA:9,0
DA:13,0
LF:7
LH:0
BRDA:13,0,0,0
BRDA:13,0,1,0
BRDA:13,1,0,0
BRDA:13,1,1,0
BRF:4
BRH:0
end_of_record
TN:
SF:src/game/managers/QuestionManager.ts
FN:7,(anonymous_0)
FN:11,(anonymous_1)
FN:37,(anonymous_2)
FN:60,(anonymous_3)
FNF:4
FNH:0
FNDA:0,(anonymous_0)
FNDA:0,(anonymous_1)
FNDA:0,(anonymous_2)
FNDA:0,(anonymous_3)
DA:1,0
DA:3,0
DA:4,0
DA:5,0
DA:8,0
DA:12,0
DA:13,0
DA:14,0
DA:15,0
DA:17,0
DA:18,0
DA:20,0
DA:21,0
DA:23,0
DA:24,0
DA:26,0
DA:27,0
DA:29,0
DA:30,0
DA:33,0
DA:34,0
DA:38,0
DA:39,0
DA:40,0
DA:44,0
DA:45,0
DA:47,0
DA:50,0
DA:55,0
DA:56,0
DA:61,0
LF:31
LH:0
BRDA:18,0,0,0
BRDA:18,0,1,0
BRDA:18,0,2,0
BRDA:18,0,3,0
BRDA:38,1,0,0
BRDA:38,1,1,0
BRF:6
BRH:0
end_of_record
TN:
SF:src/game/models/car.ts
FN:31,(anonymous_0)
FN:50,(anonymous_1)
FN:60,(anonymous_2)
FN:77,(anonymous_3)
FN:88,(anonymous_4)
FN:111,(anonymous_5)
FNF:6
FNH:6
FNDA:71,(anonymous_0)
FNDA:1,(anonymous_1)
FNDA:3,(anonymous_2)
FNDA:1,(anonymous_3)
FNDA:52,(anonymous_4)
FNDA:24,(anonymous_5)
DA:6,2
DA:7,71
DA:8,71
DA:9,71
DA:11,71
DA:12,71
DA:13,71
DA:15,71
DA:16,71
DA:17,71
DA:19,71
DA:20,71
DA:21,71
DA:37,71
DA:38,71
DA:39,71
DA:40,71
DA:41,71
DA:42,71
DA:51,1
DA:52,1
DA:61,3
DA:62,1
DA:63,1
DA:65,3
DA:66,0
DA:68,3
DA:78,1
DA:89,52
DA:125,24
DA:126,24
DA:127,24
DA:128,24
DA:129,24
DA:130,24
DA:131,24
DA:132,24
DA:133,24
DA:134,24
DA:135,24
LF:40
LH:39
BRDA:32,0,0,1
BRDA:33,1,0,1
BRDA:34,2,0,1
BRDA:35,3,0,1
BRDA:61,4,0,1
BRDA:61,5,0,3
BRDA:61,5,1,3
BRDA:61,5,2,1
BRDA:65,6,0,0
BRF:9
BRH:8
end_of_record
TN:
SF:src/game/models/game-state.ts
FN:22,(anonymous_0)
FN:32,(anonymous_1)
FN:42,(anonymous_2)
FN:51,(anonymous_3)
FN:60,(anonymous_4)
FN:69,(anonymous_5)
FN:70,(anonymous_6)
FN:78,(anonymous_7)
FN:87,(anonymous_8)
FN:97,(anonymous_9)
FN:107,(anonymous_10)
FNF:11
FNH:9
FNDA:20,(anonymous_0)
FNDA:20,(anonymous_1)
FNDA:40,(anonymous_2)
FNDA:17,(anonymous_3)
FNDA:20,(anonymous_4)
FNDA:2,(anonymous_5)
FNDA:6,(anonymous_6)
FNDA:3,(anonymous_7)
FNDA:0,(anonymous_8)
FNDA:2,(anonymous_9)
FNDA:0,(anonymous_10)
DA:10,1
DA:13,20
DA:14,20
DA:23,20
DA:24,20
DA:33,20
DA:34,20
DA:43,40
DA:52,17
DA:61,20
DA:70,6
DA:79,3
DA:88,0
DA:98,2
DA:108,0
DA:109,0
LF:16
LH:13
BRDA:108,0,0,0
BRDA:108,1,0,0
BRDA:108,1,1,0
BRF:3
BRH:0
end_of_record
TN:
SF:src/game/models/track.ts
FN:17,closeLoop
FN:31,chaikinClosed
FN:48,vSub
FN:49,vLen
FN:50,vNorm
FN:51,vPerp
FN:70,(anonymous_6)
FN:80,(anonymous_7)
FN:100,(anonymous_8)
FN:136,(anonymous_9)
FN:144,(anonymous_10)
FN:155,(anonymous_11)
FN:177,(anonymous_12)
FN:190,(anonymous_13)
FN:200,(anonymous_14)
FN:209,(anonymous_15)
FN:212,(anonymous_16)
FN:224,(anonymous_17)
FNF:18
FNH:18
FNDA:58,closeLoop
FNDA:26,chaikinClosed
FNDA:368,vSub
FNDA:381,vLen
FNDA:13,vNorm
FNDA:1,vPerp
FNDA:39,(anonymous_6)
FNDA:26,(anonymous_7)
FNDA:26,(anonymous_8)
FNDA:12,(anonymous_9)
FNDA:37,(anonymous_10)
FNDA:36,(anonymous_11)
FNDA:12,(anonymous_12)
FNDA:1,(anonymous_13)
FNDA:5,(anonymous_14)
FNDA:28,(anonymous_15)
FNDA:1151,(anonymous_16)
FNDA:13,(anonymous_17)
DA:18,58
DA:19,58
DA:20,58
DA:21,58
DA:32,26
DA:33,26
DA:34,25
DA:35,32
DA:36,32
DA:37,32
DA:38,261
DA:39,261
DA:40,261
DA:41,261
DA:43,32
DA:45,25
DA:48,368
DA:49,381
DA:50,13
DA:51,1
DA:58,2
DA:60,39
DA:61,39
DA:63,39
DA:71,39
DA:81,26
DA:82,0
DA:84,26
DA:87,26
DA:90,26
DA:91,26
DA:102,26
DA:103,26
DA:104,368
DA:106,26
DA:108,26
DA:109,26
DA:110,26
DA:111,26
DA:112,1055
DA:114,1055
DA:115,6739
DA:116,1055
DA:117,1055
DA:118,1055
DA:119,1055
DA:120,1055
DA:123,26
DA:124,26
DA:126,26
DA:127,26
DA:128,26
DA:136,12
DA:145,37
DA:146,37
DA:156,36
DA:158,36
DA:159,36
DA:160,191
DA:161,191
DA:162,122
DA:164,36
DA:165,36
DA:166,36
DA:167,36
DA:168,36
DA:178,12
DA:179,12
DA:180,12
DA:181,12
DA:191,1
DA:192,1
DA:200,5
DA:210,28
DA:212,1151
DA:225,13
DA:226,13
DA:227,13
DA:228,13
DA:229,13
LF:80
LH:79
BRDA:18,0,0,0
BRDA:21,1,0,0
BRDA:21,1,1,58
BRDA:33,2,0,1
BRDA:33,3,0,26
BRDA:33,3,1,26
BRDA:50,4,0,13
BRDA:50,4,1,0
BRDA:81,5,0,0
BRDA:81,6,0,26
BRDA:81,6,1,26
BRDA:84,7,0,26
BRDA:84,7,1,0
BRDA:84,8,0,26
BRDA:84,8,1,26
BRDA:87,9,0,26
BRDA:87,9,1,0
BRDA:87,10,0,26
BRDA:87,10,1,26
BRDA:90,11,0,26
BRDA:90,11,1,0
BRDA:90,12,0,26
BRDA:90,12,1,26
BRDA:115,13,0,7794
BRDA:115,13,1,7794
BRDA:161,14,0,69
BRDA:161,14,1,122
BRF:27
BRH:20
end_of_record
TN:
SF:src/rendering/game/utils.ts
FN:10,worldToStage
FN:13,(anonymous_1)
FN:14,(anonymous_2)
FNF:3
FNH:0
FNDA:0,worldToStage
FNDA:0,(anonymous_1)
FNDA:0,(anonymous_2)
DA:10,0
DA:11,0
DA:12,0
DA:13,0
DA:14,0
DA:15,0
LF:6
LH:0
BRF:0
BRH:0
end_of_record
TN:
SF:src/serialization/game.ts
FN:43,serializeCar
FN:50,deserializeCar
FN:57,serializeTrack
FN:64,deserializeTrack
FN:71,serializeGameState
FN:84,(anonymous_5)
FN:94,deserializeGameState
FN:106,(anonymous_7)
FN:117,(anonymous_8)
FN:126,(anonymous_9)
FN:136,saveGameToLocalStorage
FN:148,loadGameFromLocalStorage
FN:165,hasSavedGame
FN:172,deleteSavedGame
FN:183,listSaveSlots
FNF:15
FNH:14
FNDA:45,serializeCar
FNDA:18,deserializeCar
FNDA:15,serializeTrack
FNDA:6,deserializeTrack
FNDA:15,serializeGameState
FNDA:45,(anonymous_5)
FNDA:9,deserializeGameState
FNDA:18,(anonymous_7)
FNDA:18,(anonymous_8)
FNDA:0,(anonymous_9)
FNDA:3,saveGameToLocalStorage
FNDA:3,loadGameFromLocalStorage
FNDA:2,hasSavedGame
FNDA:2,deleteSavedGame
FNDA:2,listSaveSlots
DA:5,1
DA:6,1
DA:7,1
DA:44,45
DA:51,18
DA:58,15
DA:65,6
DA:71,1
DA:72,15
DA:73,15
DA:74,15
DA:76,15
DA:84,45
DA:88,15
DA:94,1
DA:95,9
DA:98,7
DA:99,1
DA:103,6
DA:106,18
DA:109,6
DA:112,6
DA:114,6
DA:117,6
DA:118,18
DA:119,12
DA:124,0
DA:125,0
DA:126,0
DA:130,6
DA:136,1
DA:137,3
DA:138,3
DA:139,3
DA:141,1
DA:148,1
DA:149,3
DA:150,3
DA:151,1
DA:154,2
DA:155,2
DA:157,1
DA:158,1
DA:165,1
DA:166,2
DA:172,1
DA:173,2
DA:174,2
DA:176,1
DA:183,1
DA:184,2
DA:185,2
DA:186,5
DA:187,5
DA:188,3
DA:191,2
LF:56
LH:53
BRDA:98,0,0,1
BRDA:98,1,0,7
BRDA:98,1,1,7
BRDA:112,2,0,6
BRDA:112,2,1,0
BRDA:112,3,0,6
BRDA:112,3,1,6
BRDA:118,4,0,12
BRDA:124,5,0,0
BRDA:136,6,0,1
BRDA:148,7,0,0
BRDA:150,8,0,1
BRDA:165,9,0,0
BRDA:172,10,0,0
BRDA:187,11,0,3
BRDA:187,12,0,5
BRDA:187,12,1,5
BRF:17
BRH:12
end_of_record
TN:
SF:src/shared/events.ts
FN:6,(anonymous_0)
FN:10,(anonymous_1)
FN:20,(anonymous_2)
FN:22,(anonymous_3)
FN:25,(anonymous_4)
FN:30,(anonymous_5)
FNF:6
FNH:0
FNDA:0,(anonymous_0)
FNDA:0,(anonymous_1)
FNDA:0,(anonymous_2)
FNDA:0,(anonymous_3)
FNDA:0,(anonymous_4)
FNDA:0,(anonymous_5)
DA:3,0
DA:7,0
DA:11,0
DA:12,0
DA:13,0
DA:14,0
DA:15,0
DA:17,0
DA:21,0
DA:22,0
DA:26,0
DA:27,0
DA:31,0
DA:32,0
DA:33,0
DA:34,0
DA:45,0
LF:17
LH:0
BRDA:13,0,0,0
BRDA:27,1,0,0
BRDA:32,2,0,0
BRF:3
BRH:0
end_of_record
